Build started 10/12/2014 5:26:02 PM.
     1>Project "C:\Users\Anne\Documents\GitHub\DotAMapper\demoinfo2\demoinfo2.vcxproj" on node 2 (Build target(s)).
     1>CustomBuild:
         Running Protocol Buffer Compiler on ai_activity.proto...
         Running Protocol Buffer Compiler on demo.proto...
         Running Protocol Buffer Compiler on dota_commonmessages.proto...
         Running Protocol Buffer Compiler on dota_modifiers.proto...
         Running Protocol Buffer Compiler on dota_usermessages.proto...
         Running Protocol Buffer Compiler on netmessages.proto...
         Running Protocol Buffer Compiler on usermessages.proto...
       ClCompile:
         C:\Program Files (x86)\Microsoft Visual Studio 12.0\VC\bin\CL.exe /c /I".\protobuf-2.4.1\src" /Zi /nologo /W3 /WX- /O2 /Oi /Oy- /GL /D WIN32 /D NDEBUG /D _CONSOLE /D _UNICODE /D UNICODE /Gm- /EHsc /MD /GS /Gy /fp:precise /Zc:wchar_t /Zc:forScope /Fo"Release\\" /Fd"Release\vc120.pdb" /Gd /TP /analyze- /errorReport:prompt demofile.cpp demofiledump.cpp demoinfo2.cpp generated_proto\ai_activity.pb.cc generated_proto\demo.pb.cc generated_proto\dota_commonmessages.pb.cc generated_proto\dota_modifiers.pb.cc generated_proto\dota_usermessages.pb.cc generated_proto\netmessages.pb.cc generated_proto\usermessages.pb.cc "snappy-1.0.5\snappy-sinksource.cc" "snappy-1.0.5\snappy.cc"
         demofile.cpp
     1>demofile.cpp(160): warning C4996: 'fopen': This function or variable may be unsafe. Consider using fopen_s instead. To disable deprecation, use _CRT_SECURE_NO_WARNINGS. See online help for details.
                 C:\Program Files (x86)\Microsoft Visual Studio 12.0\VC\include\stdio.h(211) : see declaration of 'fopen'
         demofiledump.cpp
     1>demofiledump.cpp(46): warning C4996: 'vsnprintf': This function or variable may be unsafe. Consider using vsnprintf_s instead. To disable deprecation, use _CRT_SECURE_NO_WARNINGS. See online help for details.
                 C:\Program Files (x86)\Microsoft Visual Studio 12.0\VC\include\stdio.h(337) : see declaration of 'vsnprintf'
         demoinfo2.cpp
         ai_activity.pb.cc
         demo.pb.cc
         dota_commonmessages.pb.cc
         dota_modifiers.pb.cc
         dota_usermessages.pb.cc
         netmessages.pb.cc
         usermessages.pb.cc
         snappy-sinksource.cc
         snappy.cc
     1>snappy-1.0.5\snappy.cc(1004): warning C4018: '<=' : signed/unsigned mismatch
       Link:
         C:\Program Files (x86)\Microsoft Visual Studio 12.0\VC\bin\link.exe /ERRORREPORT:PROMPT /OUT:"C:\Users\Anne\Documents\GitHub\DotAMapper\demoinfo2\Release\demoinfo2.exe" /INCREMENTAL:NO /NOLOGO kernel32.lib user32.lib gdi32.lib winspool.lib comdlg32.lib advapi32.lib shell32.lib ole32.lib oleaut32.lib uuid.lib odbc32.lib odbccp32.lib kernel32.lib user32.lib gdi32.lib winspool.lib comdlg32.lib advapi32.lib shell32.lib ole32.lib oleaut32.lib uuid.lib odbc32.lib odbccp32.lib "protobuf-2.4.1\protobuf-2.4.1\vsprojects\Release\libprotobuf.lib" /MANIFEST /MANIFESTUAC:"level='asInvoker' uiAccess='false'" /manifest:embed /DEBUG /PDB:"C:\Users\Anne\Documents\GitHub\DotAMapper\demoinfo2\Release\demoinfo2.pdb" /SUBSYSTEM:CONSOLE /OPT:REF /OPT:ICF /LTCG /TLBID:1 /DYNAMICBASE /NXCOMPAT /IMPLIB:"C:\Users\Anne\Documents\GitHub\DotAMapper\demoinfo2\Release\demoinfo2.lib" /MACHINE:X86 /SAFESEH Release\demofile.obj
         Release\demofiledump.obj
         Release\demoinfo2.obj
         Release\ai_activity.pb.obj
         Release\demo.pb.obj
         Release\dota_commonmessages.pb.obj
         Release\dota_modifiers.pb.obj
         Release\dota_usermessages.pb.obj
         Release\netmessages.pb.obj
         Release\usermessages.pb.obj
         "Release\snappy-sinksource.obj"
         Release\snappy.obj
         Generating code
     1>c:\users\anne\documents\github\dotamapper\demoinfo2\snappy-1.0.5\snappy-stubs-internal.h(134): warning C4722: 'snappy::LogMessageCrash::~LogMessageCrash' : destructor never returns, potential memory leak
         Finished generating code
         demoinfo2.vcxproj -> C:\Users\Anne\Documents\GitHub\DotAMapper\demoinfo2\Release\demoinfo2.exe
     1>Done Building Project "C:\Users\Anne\Documents\GitHub\DotAMapper\demoinfo2\demoinfo2.vcxproj" (Build target(s)).

Build succeeded.

Time Elapsed 00:00:29.85
