c:\users\anne\documents\github\dotamapper\demoinfo2\release\vc120.pdb
c:\users\anne\documents\github\dotamapper\demoinfo2\release\snappy.obj
c:\users\anne\documents\github\dotamapper\demoinfo2\release\snappy-sinksource.obj
c:\users\anne\documents\github\dotamapper\demoinfo2\release\usermessages.pb.obj
c:\users\anne\documents\github\dotamapper\demoinfo2\release\netmessages.pb.obj
c:\users\anne\documents\github\dotamapper\demoinfo2\release\dota_usermessages.pb.obj
c:\users\anne\documents\github\dotamapper\demoinfo2\release\dota_modifiers.pb.obj
c:\users\anne\documents\github\dotamapper\demoinfo2\release\dota_commonmessages.pb.obj
c:\users\anne\documents\github\dotamapper\demoinfo2\release\demo.pb.obj
c:\users\anne\documents\github\dotamapper\demoinfo2\release\ai_activity.pb.obj
c:\users\anne\documents\github\dotamapper\demoinfo2\release\demoinfo2.obj
c:\users\anne\documents\github\dotamapper\demoinfo2\release\demofiledump.obj
c:\users\anne\documents\github\dotamapper\demoinfo2\release\demofile.obj
c:\users\anne\documents\github\dotamapper\demoinfo2\generated_proto\ai_activity.pb.cc
c:\users\anne\documents\github\dotamapper\demoinfo2\generated_proto\ai_activity.pb.h
c:\users\anne\documents\github\dotamapper\demoinfo2\generated_proto\demo.pb.cc
c:\users\anne\documents\github\dotamapper\demoinfo2\generated_proto\demo.pb.h
c:\users\anne\documents\github\dotamapper\demoinfo2\generated_proto\dota_commonmessages.pb.cc
c:\users\anne\documents\github\dotamapper\demoinfo2\generated_proto\dota_commonmessages.pb.h
c:\users\anne\documents\github\dotamapper\demoinfo2\generated_proto\dota_modifiers.pb.cc
c:\users\anne\documents\github\dotamapper\demoinfo2\generated_proto\dota_modifiers.pb.h
c:\users\anne\documents\github\dotamapper\demoinfo2\generated_proto\dota_usermessages.pb.cc
c:\users\anne\documents\github\dotamapper\demoinfo2\generated_proto\dota_usermessages.pb.h
c:\users\anne\documents\github\dotamapper\demoinfo2\generated_proto\netmessages.pb.cc
c:\users\anne\documents\github\dotamapper\demoinfo2\generated_proto\netmessages.pb.h
c:\users\anne\documents\github\dotamapper\demoinfo2\generated_proto\usermessages.pb.cc
c:\users\anne\documents\github\dotamapper\demoinfo2\generated_proto\usermessages.pb.h
c:\users\anne\documents\github\dotamapper\demoinfo2\release\demoinfo2.exe
c:\users\anne\documents\github\dotamapper\demoinfo2\release\demoinfo2.pdb
c:\users\anne\documents\github\dotamapper\demoinfo2\release\demoinfo2.tlog\cl.command.1.tlog
c:\users\anne\documents\github\dotamapper\demoinfo2\release\demoinfo2.tlog\cl.read.1.tlog
c:\users\anne\documents\github\dotamapper\demoinfo2\release\demoinfo2.tlog\cl.write.1.tlog
c:\users\anne\documents\github\dotamapper\demoinfo2\release\demoinfo2.tlog\custombuild.command.1.tlog
c:\users\anne\documents\github\dotamapper\demoinfo2\release\demoinfo2.tlog\custombuild.read.1.tlog
c:\users\anne\documents\github\dotamapper\demoinfo2\release\demoinfo2.tlog\custombuild.write.1.tlog
c:\users\anne\documents\github\dotamapper\demoinfo2\release\demoinfo2.tlog\link.command.1.tlog
c:\users\anne\documents\github\dotamapper\demoinfo2\release\demoinfo2.tlog\link.read.1.tlog
c:\users\anne\documents\github\dotamapper\demoinfo2\release\demoinfo2.tlog\link.write.1.tlog
